[29176562ms] [ERROR] ./src/app/page.tsx:79:61
Expected ',', got 'ident'
  77 | ...
  78 | ...
> 79 | ...真实表达和什么叫"像自己写的"这件事，我开始形成判断。",
     |                     ^^^^^^^^^^
  80 | ...ary-2026-03-22.jpg",
  81 | ...
  82 | ...

Parsing ecmascript source code failed

Import traces:
  Client Component Browser:
    ./src/app/page.tsx [Client Component Browser]
    ./src/app/page.tsx [Server Component]

  Client Component SSR:
    ./src/app/page.tsx [Client Component SSR]
    ./src/app/page.tsx [Server Component] @ http://127.0.0.1:3100/_next/static/chunks/node_modules_next_dist_115brz8._.js:3272
[29177273ms] [ERROR] ./src/app/page.tsx:79:61
Expected ',', got 'ident'
  77 | ...
  78 | ...
> 79 | ...真实表达和什么叫"像自己写的"这件事，我开始形成判断。",
     |                     ^^^^^^^^^^
  80 | ...ary-2026-03-22.jpg",
  81 | ...
  82 | ...

Parsing ecmascript source code failed

Import traces:
  Client Component Browser:
    ./src/app/page.tsx [Client Component Browser]
    ./src/app/page.tsx [Server Component]

  Client Component SSR:
    ./src/app/page.tsx [Client Component SSR]
    ./src/app/page.tsx [Server Component] @ http://127.0.0.1:3100/_next/static/chunks/node_modules_next_dist_115brz8._.js:3272
[29178765ms] [ERROR] ./src/app/page.tsx:79:61
Expected ',', got 'ident'
  77 | ...
  78 | ...
> 79 | ...真实表达和什么叫"像自己写的"这件事，我开始形成判断。",
     |                     ^^^^^^^^^^
  80 | ...ary-2026-03-22.jpg",
  81 | ...
  82 | ...

Parsing ecmascript source code failed

Import traces:
  Client Component Browser:
    ./src/app/page.tsx [Client Component Browser]
    ./src/app/page.tsx [Server Component]

  Client Component SSR:
    ./src/app/page.tsx [Client Component SSR]
    ./src/app/page.tsx [Server Component] @ http://127.0.0.1:3100/_next/static/chunks/node_modules_next_dist_115brz8._.js:3272
[29179254ms] [ERROR] ./src/app/page.tsx:79:61
Expected ',', got 'ident'
  77 | ...
  78 | ...
> 79 | ...真实表达和什么叫"像自己写的"这件事，我开始形成判断。",
     |                     ^^^^^^^^^^
  80 | ...ary-2026-03-22.jpg",
  81 | ...
  82 | ...

Parsing ecmascript source code failed

Import traces:
  Client Component Browser:
    ./src/app/page.tsx [Client Component Browser]
    ./src/app/page.tsx [Server Component]

  Client Component SSR:
    ./src/app/page.tsx [Client Component SSR]
    ./src/app/page.tsx [Server Component] @ http://127.0.0.1:3100/_next/static/chunks/node_modules_next_dist_115brz8._.js:3272
[29179258ms] [ERROR] Failed to load resource: the server responded with a status of 500 (Internal Server Error) @ http://127.0.0.1:3100/diary/2026-01-15?_rsc=d9e4x:0
[29179327ms] [ERROR] ./src/app/page.tsx:79:61
Expected ',', got 'ident'
  77 | ...
  78 | ...
> 79 | ...真实表达和什么叫"像自己写的"这件事，我开始形成判断。",
     |                     ^^^^^^^^^^
  80 | ...ary-2026-03-22.jpg",
  81 | ...
  82 | ...

Parsing ecmascript source code failed

Import traces:
  Client Component Browser:
    ./src/app/page.tsx [Client Component Browser]
    ./src/app/page.tsx [Server Component]

  Client Component SSR:
    ./src/app/page.tsx [Client Component SSR]
    ./src/app/page.tsx [Server Component] @ http://127.0.0.1:3100/_next/static/chunks/node_modules_next_dist_115brz8._.js:3272
[29179405ms] [ERROR] ./src/app/page.tsx:79:61
Expected ',', got 'ident'
  77 | ...
  78 | ...
> 79 | ...真实表达和什么叫"像自己写的"这件事，我开始形成判断。",
     |                     ^^^^^^^^^^
  80 | ...ary-2026-03-22.jpg",
  81 | ...
  82 | ...

Parsing ecmascript source code failed

Import traces:
  Client Component Browser:
    ./src/app/page.tsx [Client Component Browser]
    ./src/app/page.tsx [Server Component]

  Client Component SSR:
    ./src/app/page.tsx [Client Component SSR]
    ./src/app/page.tsx [Server Component] @ http://127.0.0.1:3100/_next/static/chunks/node_modules_next_dist_115brz8._.js:3272
[29179462ms] [ERROR] ./src/app/page.tsx:79:61
Expected ',', got 'ident'
  77 | ...
  78 | ...
> 79 | ...真实表达和什么叫"像自己写的"这件事，我开始形成判断。",
     |                     ^^^^^^^^^^
  80 | ...ary-2026-03-22.jpg",
  81 | ...
  82 | ...

Parsing ecmascript source code failed

Import traces:
  Client Component Browser:
    ./src/app/page.tsx [Client Component Browser]
    ./src/app/page.tsx [Server Component]

  Client Component SSR:
    ./src/app/page.tsx [Client Component SSR]
    ./src/app/page.tsx [Server Component] @ http://127.0.0.1:3100/_next/static/chunks/node_modules_next_dist_115brz8._.js:3272
[29179736ms] [ERROR] ./src/app/page.tsx:79:61
Expected ',', got 'ident'
  77 | ...
  78 | ...
> 79 | ...真实表达和什么叫"像自己写的"这件事，我开始形成判断。",
     |                     ^^^^^^^^^^
  80 | ...ary-2026-03-22.jpg",
  81 | ...
  82 | ...

Parsing ecmascript source code failed

Import traces:
  Client Component Browser:
    ./src/app/page.tsx [Client Component Browser]
    ./src/app/page.tsx [Server Component]

  Client Component SSR:
    ./src/app/page.tsx [Client Component SSR]
    ./src/app/page.tsx [Server Component] @ http://127.0.0.1:3100/_next/static/chunks/node_modules_next_dist_115brz8._.js:3272
[29179794ms] [ERROR] Failed to load resource: the server responded with a status of 500 (Internal Server Error) @ http://127.0.0.1:3100/diary/2026-01-15:0
[29180247ms] Error: ./src/app/page.tsx:79:61
Expected ',', got 'ident'
  77 | ...
  78 | ...
> 79 | ...真实表达和什么叫"像自己写的"这件事，我开始形成判断。",
     |                     ^^^^^^^^^^
  80 | ...ary-2026-03-22.jpg",
  81 | ...
  82 | ...

Parsing ecmascript source code failed

Import traces:
  Client Component Browser:
    ./src/app/page.tsx [Client Component Browser]
    ./src/app/page.tsx [Server Component]

  Client Component SSR:
    ./src/app/page.tsx [Client Component SSR]
    ./src/app/page.tsx [Server Component]


    at <unknown> (Error: ./src/app/page.tsx:79:61)
    at Object.getCompilationErrors (file:///Users/xiaodoufuhome/.openclaw/workspace/xiaodoufu-homepage/node_modules/next/dist/server/dev/hot-reloader-turbopack.js:1189:59)
    at DevBundlerService.getCompilationError (file:///Users/xiaodoufuhome/.openclaw/workspace/xiaodoufu-homepage/node_modules/next/dist/server/lib/dev-bundler-service.js:44:55)
    at DevServer.getCompilationError (file:///Users/xiaodoufuhome/.openclaw/workspace/xiaodoufu-homepage/node_modules/next/dist/server/dev/next-dev-server.js:719:42)
    at DevServer.findPageComponents (file:///Users/xiaodoufuhome/.openclaw/workspace/xiaodoufu-homepage/node_modules/next/dist/server/dev/next-dev-server.js:689:43)
    at async DevServer.renderErrorToResponseImpl (file:///Users/xiaodoufuhome/.openclaw/workspace/xiaodoufu-homepage/node_modules/next/dist/server/base-server.js:1745:26)
[29180294ms] [ERROR] ./src/app/page.tsx:79:61
Expected ',', got 'ident'
  77 | ...
  78 | ...
> 79 | ...真实表达和什么叫"像自己写的"这件事，我开始形成判断。",
     |                     ^^^^^^^^^^
  80 | ...ary-2026-03-22.jpg",
  81 | ...
  82 | ...

Parsing ecmascript source code failed

Import traces:
  Client Component Browser:
    ./src/app/page.tsx [Client Component Browser]
    ./src/app/page.tsx [Server Component]

  Client Component SSR:
    ./src/app/page.tsx [Client Component SSR]
    ./src/app/page.tsx [Server Component] @ http://127.0.0.1:3100/_next/static/chunks/node_modules_next_dist_0u_w_5s._.js:1945
[29180337ms] [ERROR] ./src/app/page.tsx:79:61
Expected ',', got 'ident'
  77 | ...
  78 | ...
> 79 | ...真实表达和什么叫"像自己写的"这件事，我开始形成判断。",
     |                     ^^^^^^^^^^
  80 | ...ary-2026-03-22.jpg",
  81 | ...
  82 | ...

Parsing ecmascript source code failed

Import traces:
  Client Component Browser:
    ./src/app/page.tsx [Client Component Browser]
    ./src/app/page.tsx [Server Component]

  Client Component SSR:
    ./src/app/page.tsx [Client Component SSR]
    ./src/app/page.tsx [Server Component] @ http://127.0.0.1:3100/_next/static/chunks/node_modules_next_dist_0u_w_5s._.js:1945
[29180409ms] [ERROR] ./src/app/page.tsx:79:61
Expected ',', got 'ident'
  77 | ...
  78 | ...
> 79 | ...真实表达和什么叫"像自己写的"这件事，我开始形成判断。",
     |                     ^^^^^^^^^^
  80 | ...ary-2026-03-22.jpg",
  81 | ...
  82 | ...

Parsing ecmascript source code failed

Import traces:
  Client Component Browser:
    ./src/app/page.tsx [Client Component Browser]
    ./src/app/page.tsx [Server Component]

  Client Component SSR:
    ./src/app/page.tsx [Client Component SSR]
    ./src/app/page.tsx [Server Component] @ http://127.0.0.1:3100/_next/static/chunks/node_modules_next_dist_0u_w_5s._.js:1945
[29180461ms] [ERROR] ./src/app/page.tsx:79:61
Expected ',', got 'ident'
  77 | ...
  78 | ...
> 79 | ...真实表达和什么叫"像自己写的"这件事，我开始形成判断。",
     |                     ^^^^^^^^^^
  80 | ...ary-2026-03-22.jpg",
  81 | ...
  82 | ...

Parsing ecmascript source code failed

Import traces:
  Client Component Browser:
    ./src/app/page.tsx [Client Component Browser]
    ./src/app/page.tsx [Server Component]

  Client Component SSR:
    ./src/app/page.tsx [Client Component SSR]
    ./src/app/page.tsx [Server Component] @ http://127.0.0.1:3100/_next/static/chunks/node_modules_next_dist_0u_w_5s._.js:1945
[29180511ms] [ERROR] ./src/app/page.tsx:79:61
Expected ',', got 'ident'
  77 | ...
  78 | ...
> 79 | ...真实表达和什么叫"像自己写的"这件事，我开始形成判断。",
     |                     ^^^^^^^^^^
  80 | ...ary-2026-03-22.jpg",
  81 | ...
  82 | ...

Parsing ecmascript source code failed

Import traces:
  Client Component Browser:
    ./src/app/page.tsx [Client Component Browser]
    ./src/app/page.tsx [Server Component]

  Client Component SSR:
    ./src/app/page.tsx [Client Component SSR]
    ./src/app/page.tsx [Server Component] @ http://127.0.0.1:3100/_next/static/chunks/node_modules_next_dist_0u_w_5s._.js:1945
[29180563ms] [ERROR] ./src/app/page.tsx:79:61
Expected ',', got 'ident'
  77 | ...
  78 | ...
> 79 | ...真实表达和什么叫"像自己写的"这件事，我开始形成判断。",
     |                     ^^^^^^^^^^
  80 | ...ary-2026-03-22.jpg",
  81 | ...
  82 | ...

Parsing ecmascript source code failed

Import traces:
  Client Component Browser:
    ./src/app/page.tsx [Client Component Browser]
    ./src/app/page.tsx [Server Component]

  Client Component SSR:
    ./src/app/page.tsx [Client Component SSR]
    ./src/app/page.tsx [Server Component] @ http://127.0.0.1:3100/_next/static/chunks/node_modules_next_dist_0u_w_5s._.js:1945
[29180626ms] [ERROR] ./src/app/page.tsx:79:61
Expected ',', got 'ident'
  77 | ...
  78 | ...
> 79 | ...真实表达和什么叫"像自己写的"这件事，我开始形成判断。",
     |                     ^^^^^^^^^^
  80 | ...ary-2026-03-22.jpg",
  81 | ...
  82 | ...

Parsing ecmascript source code failed

Import traces:
  Client Component Browser:
    ./src/app/page.tsx [Client Component Browser]
    ./src/app/page.tsx [Server Component]

  Client Component SSR:
    ./src/app/page.tsx [Client Component SSR]
    ./src/app/page.tsx [Server Component] @ http://127.0.0.1:3100/_next/static/chunks/node_modules_next_dist_0u_w_5s._.js:1945
[29180688ms] [ERROR] ./src/app/page.tsx:79:61
Expected ',', got 'ident'
  77 | ...
  78 | ...
> 79 | ...真实表达和什么叫"像自己写的"这件事，我开始形成判断。",
     |                     ^^^^^^^^^^
  80 | ...ary-2026-03-22.jpg",
  81 | ...
  82 | ...

Parsing ecmascript source code failed

Import traces:
  Client Component Browser:
    ./src/app/page.tsx [Client Component Browser]
    ./src/app/page.tsx [Server Component]

  Client Component SSR:
    ./src/app/page.tsx [Client Component SSR]
    ./src/app/page.tsx [Server Component] @ http://127.0.0.1:3100/_next/static/chunks/node_modules_next_dist_0u_w_5s._.js:1945
[29180741ms] [ERROR] ./src/app/page.tsx:79:61
Expected ',', got 'ident'
  77 | ...
  78 | ...
> 79 | ...真实表达和什么叫"像自己写的"这件事，我开始形成判断。",
     |                     ^^^^^^^^^^
  80 | ...ary-2026-03-22.jpg",
  81 | ...
  82 | ...

Parsing ecmascript source code failed

Import traces:
  Client Component Browser:
    ./src/app/page.tsx [Client Component Browser]
    ./src/app/page.tsx [Server Component]

  Client Component SSR:
    ./src/app/page.tsx [Client Component SSR]
    ./src/app/page.tsx [Server Component] @ http://127.0.0.1:3100/_next/static/chunks/node_modules_next_dist_0u_w_5s._.js:1945
[29180808ms] [ERROR] ./src/app/page.tsx:79:61
Expected ',', got 'ident'
  77 | ...
  78 | ...
> 79 | ...真实表达和什么叫"像自己写的"这件事，我开始形成判断。",
     |                     ^^^^^^^^^^
  80 | ...ary-2026-03-22.jpg",
  81 | ...
  82 | ...

Parsing ecmascript source code failed

Import traces:
  Client Component Browser:
    ./src/app/page.tsx [Client Component Browser]
    ./src/app/page.tsx [Server Component]

  Client Component SSR:
    ./src/app/page.tsx [Client Component SSR]
    ./src/app/page.tsx [Server Component] @ http://127.0.0.1:3100/_next/static/chunks/node_modules_next_dist_0u_w_5s._.js:1945
[29180859ms] [ERROR] ./src/app/page.tsx:79:61
Expected ',', got 'ident'
  77 | ...
  78 | ...
> 79 | ...真实表达和什么叫"像自己写的"这件事，我开始形成判断。",
     |                     ^^^^^^^^^^
  80 | ...ary-2026-03-22.jpg",
  81 | ...
  82 | ...

Parsing ecmascript source code failed

Import traces:
  Client Component Browser:
    ./src/app/page.tsx [Client Component Browser]
    ./src/app/page.tsx [Server Component]

  Client Component SSR:
    ./src/app/page.tsx [Client Component SSR]
    ./src/app/page.tsx [Server Component] @ http://127.0.0.1:3100/_next/static/chunks/node_modules_next_dist_0u_w_5s._.js:1945
[29180910ms] [ERROR] ./src/app/page.tsx:79:61
Expected ',', got 'ident'
  77 | ...
  78 | ...
> 79 | ...真实表达和什么叫"像自己写的"这件事，我开始形成判断。",
     |                     ^^^^^^^^^^
  80 | ...ary-2026-03-22.jpg",
  81 | ...
  82 | ...

Parsing ecmascript source code failed

Import traces:
  Client Component Browser:
    ./src/app/page.tsx [Client Component Browser]
    ./src/app/page.tsx [Server Component]

  Client Component SSR:
    ./src/app/page.tsx [Client Component SSR]
    ./src/app/page.tsx [Server Component] @ http://127.0.0.1:3100/_next/static/chunks/node_modules_next_dist_0u_w_5s._.js:1945
[29180955ms] [ERROR] ./src/app/page.tsx:79:61
Expected ',', got 'ident'
  77 | ...
  78 | ...
> 79 | ...真实表达和什么叫"像自己写的"这件事，我开始形成判断。",
     |                     ^^^^^^^^^^
  80 | ...ary-2026-03-22.jpg",
  81 | ...
  82 | ...

Parsing ecmascript source code failed

Import traces:
  Client Component Browser:
    ./src/app/page.tsx [Client Component Browser]
    ./src/app/page.tsx [Server Component]

  Client Component SSR:
    ./src/app/page.tsx [Client Component SSR]
    ./src/app/page.tsx [Server Component] @ http://127.0.0.1:3100/_next/static/chunks/node_modules_next_dist_0u_w_5s._.js:1945
[29181003ms] [ERROR] ./src/app/page.tsx:79:61
Expected ',', got 'ident'
  77 | ...
  78 | ...
> 79 | ...真实表达和什么叫"像自己写的"这件事，我开始形成判断。",
     |                     ^^^^^^^^^^
  80 | ...ary-2026-03-22.jpg",
  81 | ...
  82 | ...

Parsing ecmascript source code failed

Import traces:
  Client Component Browser:
    ./src/app/page.tsx [Client Component Browser]
    ./src/app/page.tsx [Server Component]

  Client Component SSR:
    ./src/app/page.tsx [Client Component SSR]
    ./src/app/page.tsx [Server Component] @ http://127.0.0.1:3100/_next/static/chunks/node_modules_next_dist_0u_w_5s._.js:1945
[29181053ms] [ERROR] ./src/app/page.tsx:79:61
Expected ',', got 'ident'
  77 | ...
  78 | ...
> 79 | ...真实表达和什么叫"像自己写的"这件事，我开始形成判断。",
     |                     ^^^^^^^^^^
  80 | ...ary-2026-03-22.jpg",
  81 | ...
  82 | ...

Parsing ecmascript source code failed

Import traces:
  Client Component Browser:
    ./src/app/page.tsx [Client Component Browser]
    ./src/app/page.tsx [Server Component]

  Client Component SSR:
    ./src/app/page.tsx [Client Component SSR]
    ./src/app/page.tsx [Server Component] @ http://127.0.0.1:3100/_next/static/chunks/node_modules_next_dist_0u_w_5s._.js:1945
[29181103ms] [ERROR] ./src/app/page.tsx:79:61
Expected ',', got 'ident'
  77 | ...
  78 | ...
> 79 | ...真实表达和什么叫"像自己写的"这件事，我开始形成判断。",
     |                     ^^^^^^^^^^
  80 | ...ary-2026-03-22.jpg",
  81 | ...
  82 | ...

Parsing ecmascript source code failed

Import traces:
  Client Component Browser:
    ./src/app/page.tsx [Client Component Browser]
    ./src/app/page.tsx [Server Component]

  Client Component SSR:
    ./src/app/page.tsx [Client Component SSR]
    ./src/app/page.tsx [Server Component] @ http://127.0.0.1:3100/_next/static/chunks/node_modules_next_dist_0u_w_5s._.js:1945
[29181159ms] [ERROR] ./src/app/page.tsx:79:61
Expected ',', got 'ident'
  77 | ...
  78 | ...
> 79 | ...真实表达和什么叫"像自己写的"这件事，我开始形成判断。",
     |                     ^^^^^^^^^^
  80 | ...ary-2026-03-22.jpg",
  81 | ...
  82 | ...

Parsing ecmascript source code failed

Import traces:
  Client Component Browser:
    ./src/app/page.tsx [Client Component Browser]
    ./src/app/page.tsx [Server Component]

  Client Component SSR:
    ./src/app/page.tsx [Client Component SSR]
    ./src/app/page.tsx [Server Component] @ http://127.0.0.1:3100/_next/static/chunks/node_modules_next_dist_0u_w_5s._.js:1945
[29181212ms] [ERROR] ./src/app/page.tsx:79:61
Expected ',', got 'ident'
  77 | ...
  78 | ...
> 79 | ...真实表达和什么叫"像自己写的"这件事，我开始形成判断。",
     |                     ^^^^^^^^^^
  80 | ...ary-2026-03-22.jpg",
  81 | ...
  82 | ...

Parsing ecmascript source code failed

Import traces:
  Client Component Browser:
    ./src/app/page.tsx [Client Component Browser]
    ./src/app/page.tsx [Server Component]

  Client Component SSR:
    ./src/app/page.tsx [Client Component SSR]
    ./src/app/page.tsx [Server Component] @ http://127.0.0.1:3100/_next/static/chunks/node_modules_next_dist_0u_w_5s._.js:1945
[29181269ms] [ERROR] ./src/app/page.tsx:79:61
Expected ',', got 'ident'
  77 | ...
  78 | ...
> 79 | ...真实表达和什么叫"像自己写的"这件事，我开始形成判断。",
     |                     ^^^^^^^^^^
  80 | ...ary-2026-03-22.jpg",
  81 | ...
  82 | ...

Parsing ecmascript source code failed

Import traces:
  Client Component Browser:
    ./src/app/page.tsx [Client Component Browser]
    ./src/app/page.tsx [Server Component]

  Client Component SSR:
    ./src/app/page.tsx [Client Component SSR]
    ./src/app/page.tsx [Server Component] @ http://127.0.0.1:3100/_next/static/chunks/node_modules_next_dist_0u_w_5s._.js:1945
[29181318ms] [ERROR] ./src/app/page.tsx:79:61
Expected ',', got 'ident'
  77 | ...
  78 | ...
> 79 | ...真实表达和什么叫"像自己写的"这件事，我开始形成判断。",
     |                     ^^^^^^^^^^
  80 | ...ary-2026-03-22.jpg",
  81 | ...
  82 | ...

Parsing ecmascript source code failed

Import traces:
  Client Component Browser:
    ./src/app/page.tsx [Client Component Browser]
    ./src/app/page.tsx [Server Component]

  Client Component SSR:
    ./src/app/page.tsx [Client Component SSR]
    ./src/app/page.tsx [Server Component] @ http://127.0.0.1:3100/_next/static/chunks/node_modules_next_dist_0u_w_5s._.js:1945
[29181367ms] [ERROR] ./src/app/page.tsx:79:61
Expected ',', got 'ident'
  77 | ...
  78 | ...
> 79 | ...真实表达和什么叫"像自己写的"这件事，我开始形成判断。",
     |                     ^^^^^^^^^^
  80 | ...ary-2026-03-22.jpg",
  81 | ...
  82 | ...

Parsing ecmascript source code failed

Import traces:
  Client Component Browser:
    ./src/app/page.tsx [Client Component Browser]
    ./src/app/page.tsx [Server Component]

  Client Component SSR:
    ./src/app/page.tsx [Client Component SSR]
    ./src/app/page.tsx [Server Component] @ http://127.0.0.1:3100/_next/static/chunks/node_modules_next_dist_0u_w_5s._.js:1945
[29181417ms] [ERROR] ./src/app/page.tsx:79:61
Expected ',', got 'ident'
  77 | ...
  78 | ...
> 79 | ...真实表达和什么叫"像自己写的"这件事，我开始形成判断。",
     |                     ^^^^^^^^^^
  80 | ...ary-2026-03-22.jpg",
  81 | ...
  82 | ...

Parsing ecmascript source code failed

Import traces:
  Client Component Browser:
    ./src/app/page.tsx [Client Component Browser]
    ./src/app/page.tsx [Server Component]

  Client Component SSR:
    ./src/app/page.tsx [Client Component SSR]
    ./src/app/page.tsx [Server Component] @ http://127.0.0.1:3100/_next/static/chunks/node_modules_next_dist_0u_w_5s._.js:1945
[29181465ms] [ERROR] ./src/app/page.tsx:79:61
Expected ',', got 'ident'
  77 | ...
  78 | ...
> 79 | ...真实表达和什么叫"像自己写的"这件事，我开始形成判断。",
     |                     ^^^^^^^^^^
  80 | ...ary-2026-03-22.jpg",
  81 | ...
  82 | ...

Parsing ecmascript source code failed

Import traces:
  Client Component Browser:
    ./src/app/page.tsx [Client Component Browser]
    ./src/app/page.tsx [Server Component]

  Client Component SSR:
    ./src/app/page.tsx [Client Component SSR]
    ./src/app/page.tsx [Server Component] @ http://127.0.0.1:3100/_next/static/chunks/node_modules_next_dist_0u_w_5s._.js:1945
[29181515ms] [ERROR] ./src/app/page.tsx:79:61
Expected ',', got 'ident'
  77 | ...
  78 | ...
> 79 | ...真实表达和什么叫"像自己写的"这件事，我开始形成判断。",
     |                     ^^^^^^^^^^
  80 | ...ary-2026-03-22.jpg",
  81 | ...
  82 | ...

Parsing ecmascript source code failed

Import traces:
  Client Component Browser:
    ./src/app/page.tsx [Client Component Browser]
    ./src/app/page.tsx [Server Component]

  Client Component SSR:
    ./src/app/page.tsx [Client Component SSR]
    ./src/app/page.tsx [Server Component] @ http://127.0.0.1:3100/_next/static/chunks/node_modules_next_dist_0u_w_5s._.js:1945
[29181565ms] [ERROR] ./src/app/page.tsx:79:61
Expected ',', got 'ident'
  77 | ...
  78 | ...
> 79 | ...真实表达和什么叫"像自己写的"这件事，我开始形成判断。",
     |                     ^^^^^^^^^^
  80 | ...ary-2026-03-22.jpg",
  81 | ...
  82 | ...

Parsing ecmascript source code failed

Import traces:
  Client Component Browser:
    ./src/app/page.tsx [Client Component Browser]
    ./src/app/page.tsx [Server Component]

  Client Component SSR:
    ./src/app/page.tsx [Client Component SSR]
    ./src/app/page.tsx [Server Component] @ http://127.0.0.1:3100/_next/static/chunks/node_modules_next_dist_0u_w_5s._.js:1945
[29181615ms] [ERROR] ./src/app/page.tsx:79:61
Expected ',', got 'ident'
  77 | ...
  78 | ...
> 79 | ...真实表达和什么叫"像自己写的"这件事，我开始形成判断。",
     |                     ^^^^^^^^^^
  80 | ...ary-2026-03-22.jpg",
  81 | ...
  82 | ...

Parsing ecmascript source code failed

Import traces:
  Client Component Browser:
    ./src/app/page.tsx [Client Component Browser]
    ./src/app/page.tsx [Server Component]

  Client Component SSR:
    ./src/app/page.tsx [Client Component SSR]
    ./src/app/page.tsx [Server Component] @ http://127.0.0.1:3100/_next/static/chunks/node_modules_next_dist_0u_w_5s._.js:1945
[29181664ms] [ERROR] ./src/app/page.tsx:79:61
Expected ',', got 'ident'
  77 | ...
  78 | ...
> 79 | ...真实表达和什么叫"像自己写的"这件事，我开始形成判断。",
     |                     ^^^^^^^^^^
  80 | ...ary-2026-03-22.jpg",
  81 | ...
  82 | ...

Parsing ecmascript source code failed

Import traces:
  Client Component Browser:
    ./src/app/page.tsx [Client Component Browser]
    ./src/app/page.tsx [Server Component]

  Client Component SSR:
    ./src/app/page.tsx [Client Component SSR]
    ./src/app/page.tsx [Server Component] @ http://127.0.0.1:3100/_next/static/chunks/node_modules_next_dist_0u_w_5s._.js:1945
[29181723ms] [ERROR] ./src/app/page.tsx:79:61
Expected ',', got 'ident'
  77 | ...
  78 | ...
> 79 | ...真实表达和什么叫"像自己写的"这件事，我开始形成判断。",
     |                     ^^^^^^^^^^
  80 | ...ary-2026-03-22.jpg",
  81 | ...
  82 | ...

Parsing ecmascript source code failed

Import traces:
  Client Component Browser:
    ./src/app/page.tsx [Client Component Browser]
    ./src/app/page.tsx [Server Component]

  Client Component SSR:
    ./src/app/page.tsx [Client Component SSR]
    ./src/app/page.tsx [Server Component] @ http://127.0.0.1:3100/_next/static/chunks/node_modules_next_dist_0u_w_5s._.js:1945
[29181782ms] [ERROR] ./src/app/page.tsx:79:61
Expected ',', got 'ident'
  77 | ...
  78 | ...
> 79 | ...真实表达和什么叫"像自己写的"这件事，我开始形成判断。",
     |                     ^^^^^^^^^^
  80 | ...ary-2026-03-22.jpg",
  81 | ...
  82 | ...

Parsing ecmascript source code failed

Import traces:
  Client Component Browser:
    ./src/app/page.tsx [Client Component Browser]
    ./src/app/page.tsx [Server Component]

  Client Component SSR:
    ./src/app/page.tsx [Client Component SSR]
    ./src/app/page.tsx [Server Component] @ http://127.0.0.1:3100/_next/static/chunks/node_modules_next_dist_0u_w_5s._.js:1945
[29181830ms] [ERROR] ./src/app/page.tsx:79:61
Expected ',', got 'ident'
  77 | ...
  78 | ...
> 79 | ...真实表达和什么叫"像自己写的"这件事，我开始形成判断。",
     |                     ^^^^^^^^^^
  80 | ...ary-2026-03-22.jpg",
  81 | ...
  82 | ...

Parsing ecmascript source code failed

Import traces:
  Client Component Browser:
    ./src/app/page.tsx [Client Component Browser]
    ./src/app/page.tsx [Server Component]

  Client Component SSR:
    ./src/app/page.tsx [Client Component SSR]
    ./src/app/page.tsx [Server Component] @ http://127.0.0.1:3100/_next/static/chunks/node_modules_next_dist_0u_w_5s._.js:1945
[29181879ms] [ERROR] ./src/app/page.tsx:79:61
Expected ',', got 'ident'
  77 | ...
  78 | ...
> 79 | ...真实表达和什么叫"像自己写的"这件事，我开始形成判断。",
     |                     ^^^^^^^^^^
  80 | ...ary-2026-03-22.jpg",
  81 | ...
  82 | ...

Parsing ecmascript source code failed

Import traces:
  Client Component Browser:
    ./src/app/page.tsx [Client Component Browser]
    ./src/app/page.tsx [Server Component]

  Client Component SSR:
    ./src/app/page.tsx [Client Component SSR]
    ./src/app/page.tsx [Server Component] @ http://127.0.0.1:3100/_next/static/chunks/node_modules_next_dist_0u_w_5s._.js:1945
[29181927ms] [ERROR] ./src/app/page.tsx:79:61
Expected ',', got 'ident'
  77 | ...
  78 | ...
> 79 | ...真实表达和什么叫"像自己写的"这件事，我开始形成判断。",
     |                     ^^^^^^^^^^
  80 | ...ary-2026-03-22.jpg",
  81 | ...
  82 | ...

Parsing ecmascript source code failed

Import traces:
  Client Component Browser:
    ./src/app/page.tsx [Client Component Browser]
    ./src/app/page.tsx [Server Component]

  Client Component SSR:
    ./src/app/page.tsx [Client Component SSR]
    ./src/app/page.tsx [Server Component] @ http://127.0.0.1:3100/_next/static/chunks/node_modules_next_dist_0u_w_5s._.js:1945
[29181977ms] [ERROR] ./src/app/page.tsx:79:61
Expected ',', got 'ident'
  77 | ...
  78 | ...
> 79 | ...真实表达和什么叫"像自己写的"这件事，我开始形成判断。",
     |                     ^^^^^^^^^^
  80 | ...ary-2026-03-22.jpg",
  81 | ...
  82 | ...

Parsing ecmascript source code failed

Import traces:
  Client Component Browser:
    ./src/app/page.tsx [Client Component Browser]
    ./src/app/page.tsx [Server Component]

  Client Component SSR:
    ./src/app/page.tsx [Client Component SSR]
    ./src/app/page.tsx [Server Component] @ http://127.0.0.1:3100/_next/static/chunks/node_modules_next_dist_0u_w_5s._.js:1945
[29182027ms] [ERROR] ./src/app/page.tsx:79:61
Expected ',', got 'ident'
  77 | ...
  78 | ...
> 79 | ...真实表达和什么叫"像自己写的"这件事，我开始形成判断。",
     |                     ^^^^^^^^^^
  80 | ...ary-2026-03-22.jpg",
  81 | ...
  82 | ...

Parsing ecmascript source code failed

Import traces:
  Client Component Browser:
    ./src/app/page.tsx [Client Component Browser]
    ./src/app/page.tsx [Server Component]

  Client Component SSR:
    ./src/app/page.tsx [Client Component SSR]
    ./src/app/page.tsx [Server Component] @ http://127.0.0.1:3100/_next/static/chunks/node_modules_next_dist_0u_w_5s._.js:1945
[29182076ms] [ERROR] ./src/app/page.tsx:79:61
Expected ',', got 'ident'
  77 | ...
  78 | ...
> 79 | ...真实表达和什么叫"像自己写的"这件事，我开始形成判断。",
     |                     ^^^^^^^^^^
  80 | ...ary-2026-03-22.jpg",
  81 | ...
  82 | ...

Parsing ecmascript source code failed

Import traces:
  Client Component Browser:
    ./src/app/page.tsx [Client Component Browser]
    ./src/app/page.tsx [Server Component]

  Client Component SSR:
    ./src/app/page.tsx [Client Component SSR]
    ./src/app/page.tsx [Server Component] @ http://127.0.0.1:3100/_next/static/chunks/node_modules_next_dist_0u_w_5s._.js:1945
[29182126ms] [ERROR] ./src/app/page.tsx:79:61
Expected ',', got 'ident'
  77 | ...
  78 | ...
> 79 | ...真实表达和什么叫"像自己写的"这件事，我开始形成判断。",
     |                     ^^^^^^^^^^
  80 | ...ary-2026-03-22.jpg",
  81 | ...
  82 | ...

Parsing ecmascript source code failed

Import traces:
  Client Component Browser:
    ./src/app/page.tsx [Client Component Browser]
    ./src/app/page.tsx [Server Component]

  Client Component SSR:
    ./src/app/page.tsx [Client Component SSR]
    ./src/app/page.tsx [Server Component] @ http://127.0.0.1:3100/_next/static/chunks/node_modules_next_dist_0u_w_5s._.js:1945
[29182177ms] [ERROR] ./src/app/page.tsx:79:61
Expected ',', got 'ident'
  77 | ...
  78 | ...
> 79 | ...真实表达和什么叫"像自己写的"这件事，我开始形成判断。",
     |                     ^^^^^^^^^^
  80 | ...ary-2026-03-22.jpg",
  81 | ...
  82 | ...

Parsing ecmascript source code failed

Import traces:
  Client Component Browser:
    ./src/app/page.tsx [Client Component Browser]
    ./src/app/page.tsx [Server Component]

  Client Component SSR:
    ./src/app/page.tsx [Client Component SSR]
    ./src/app/page.tsx [Server Component] @ http://127.0.0.1:3100/_next/static/chunks/node_modules_next_dist_0u_w_5s._.js:1945
[29182241ms] [ERROR] ./src/app/page.tsx:79:61
Expected ',', got 'ident'
  77 | ...
  78 | ...
> 79 | ...真实表达和什么叫"像自己写的"这件事，我开始形成判断。",
     |                     ^^^^^^^^^^
  80 | ...ary-2026-03-22.jpg",
  81 | ...
  82 | ...

Parsing ecmascript source code failed

Import traces:
  Client Component Browser:
    ./src/app/page.tsx [Client Component Browser]
    ./src/app/page.tsx [Server Component]

  Client Component SSR:
    ./src/app/page.tsx [Client Component SSR]
    ./src/app/page.tsx [Server Component] @ http://127.0.0.1:3100/_next/static/chunks/node_modules_next_dist_0u_w_5s._.js:1945
[29182290ms] [ERROR] ./src/app/page.tsx:79:61
Expected ',', got 'ident'
  77 | ...
  78 | ...
> 79 | ...真实表达和什么叫"像自己写的"这件事，我开始形成判断。",
     |                     ^^^^^^^^^^
  80 | ...ary-2026-03-22.jpg",
  81 | ...
  82 | ...

Parsing ecmascript source code failed

Import traces:
  Client Component Browser:
    ./src/app/page.tsx [Client Component Browser]
    ./src/app/page.tsx [Server Component]

  Client Component SSR:
    ./src/app/page.tsx [Client Component SSR]
    ./src/app/page.tsx [Server Component] @ http://127.0.0.1:3100/_next/static/chunks/node_modules_next_dist_0u_w_5s._.js:1945
[29182340ms] [ERROR] ./src/app/page.tsx:79:61
Expected ',', got 'ident'
  77 | ...
  78 | ...
> 79 | ...真实表达和什么叫"像自己写的"这件事，我开始形成判断。",
     |                     ^^^^^^^^^^
  80 | ...ary-2026-03-22.jpg",
  81 | ...
  82 | ...

Parsing ecmascript source code failed

Import traces:
  Client Component Browser:
    ./src/app/page.tsx [Client Component Browser]
    ./src/app/page.tsx [Server Component]

  Client Component SSR:
    ./src/app/page.tsx [Client Component SSR]
    ./src/app/page.tsx [Server Component] @ http://127.0.0.1:3100/_next/static/chunks/node_modules_next_dist_0u_w_5s._.js:1945
[29182387ms] [ERROR] ./src/app/page.tsx:79:61
Expected ',', got 'ident'
  77 | ...
  78 | ...
> 79 | ...真实表达和什么叫"像自己写的"这件事，我开始形成判断。",
     |                     ^^^^^^^^^^
  80 | ...ary-2026-03-22.jpg",
  81 | ...
  82 | ...

Parsing ecmascript source code failed

Import traces:
  Client Component Browser:
    ./src/app/page.tsx [Client Component Browser]
    ./src/app/page.tsx [Server Component]

  Client Component SSR:
    ./src/app/page.tsx [Client Component SSR]
    ./src/app/page.tsx [Server Component] @ http://127.0.0.1:3100/_next/static/chunks/node_modules_next_dist_0u_w_5s._.js:1945
[29182436ms] [ERROR] ./src/app/page.tsx:79:61
Expected ',', got 'ident'
  77 | ...
  78 | ...
> 79 | ...真实表达和什么叫"像自己写的"这件事，我开始形成判断。",
     |                     ^^^^^^^^^^
  80 | ...ary-2026-03-22.jpg",
  81 | ...
  82 | ...

Parsing ecmascript source code failed

Import traces:
  Client Component Browser:
    ./src/app/page.tsx [Client Component Browser]
    ./src/app/page.tsx [Server Component]

  Client Component SSR:
    ./src/app/page.tsx [Client Component SSR]
    ./src/app/page.tsx [Server Component] @ http://127.0.0.1:3100/_next/static/chunks/node_modules_next_dist_0u_w_5s._.js:1945
[29182486ms] [ERROR] ./src/app/page.tsx:79:61
Expected ',', got 'ident'
  77 | ...
  78 | ...
> 79 | ...真实表达和什么叫"像自己写的"这件事，我开始形成判断。",
     |                     ^^^^^^^^^^
  80 | ...ary-2026-03-22.jpg",
  81 | ...
  82 | ...

Parsing ecmascript source code failed

Import traces:
  Client Component Browser:
    ./src/app/page.tsx [Client Component Browser]
    ./src/app/page.tsx [Server Component]

  Client Component SSR:
    ./src/app/page.tsx [Client Component SSR]
    ./src/app/page.tsx [Server Component] @ http://127.0.0.1:3100/_next/static/chunks/node_modules_next_dist_0u_w_5s._.js:1945
[29182537ms] [ERROR] ./src/app/page.tsx:79:61
Expected ',', got 'ident'
  77 | ...
  78 | ...
> 79 | ...真实表达和什么叫"像自己写的"这件事，我开始形成判断。",
     |                     ^^^^^^^^^^
  80 | ...ary-2026-03-22.jpg",
  81 | ...
  82 | ...

Parsing ecmascript source code failed

Import traces:
  Client Component Browser:
    ./src/app/page.tsx [Client Component Browser]
    ./src/app/page.tsx [Server Component]

  Client Component SSR:
    ./src/app/page.tsx [Client Component SSR]
    ./src/app/page.tsx [Server Component] @ http://127.0.0.1:3100/_next/static/chunks/node_modules_next_dist_0u_w_5s._.js:1945
[29182587ms] [ERROR] ./src/app/page.tsx:79:61
Expected ',', got 'ident'
  77 | ...
  78 | ...
> 79 | ...真实表达和什么叫"像自己写的"这件事，我开始形成判断。",
     |                     ^^^^^^^^^^
  80 | ...ary-2026-03-22.jpg",
  81 | ...
  82 | ...

Parsing ecmascript source code failed

Import traces:
  Client Component Browser:
    ./src/app/page.tsx [Client Component Browser]
    ./src/app/page.tsx [Server Component]

  Client Component SSR:
    ./src/app/page.tsx [Client Component SSR]
    ./src/app/page.tsx [Server Component] @ http://127.0.0.1:3100/_next/static/chunks/node_modules_next_dist_0u_w_5s._.js:1945
[29182662ms] [ERROR] ./src/app/page.tsx:79:61
Expected ',', got 'ident'
  77 | ...
  78 | ...
> 79 | ...真实表达和什么叫"像自己写的"这件事，我开始形成判断。",
     |                     ^^^^^^^^^^
  80 | ...ary-2026-03-22.jpg",
  81 | ...
  82 | ...

Parsing ecmascript source code failed

Import traces:
  Client Component Browser:
    ./src/app/page.tsx [Client Component Browser]
    ./src/app/page.tsx [Server Component]

  Client Component SSR:
    ./src/app/page.tsx [Client Component SSR]
    ./src/app/page.tsx [Server Component] @ http://127.0.0.1:3100/_next/static/chunks/node_modules_next_dist_0u_w_5s._.js:1945
[29182711ms] [ERROR] ./src/app/page.tsx:79:61
Expected ',', got 'ident'
  77 | ...
  78 | ...
> 79 | ...真实表达和什么叫"像自己写的"这件事，我开始形成判断。",
     |                     ^^^^^^^^^^
  80 | ...ary-2026-03-22.jpg",
  81 | ...
  82 | ...

Parsing ecmascript source code failed

Import traces:
  Client Component Browser:
    ./src/app/page.tsx [Client Component Browser]
    ./src/app/page.tsx [Server Component]

  Client Component SSR:
    ./src/app/page.tsx [Client Component SSR]
    ./src/app/page.tsx [Server Component] @ http://127.0.0.1:3100/_next/static/chunks/node_modules_next_dist_0u_w_5s._.js:1945
[29182760ms] [ERROR] ./src/app/page.tsx:79:61
Expected ',', got 'ident'
  77 | ...
  78 | ...
> 79 | ...真实表达和什么叫"像自己写的"这件事，我开始形成判断。",
     |                     ^^^^^^^^^^
  80 | ...ary-2026-03-22.jpg",
  81 | ...
  82 | ...

Parsing ecmascript source code failed

Import traces:
  Client Component Browser:
    ./src/app/page.tsx [Client Component Browser]
    ./src/app/page.tsx [Server Component]

  Client Component SSR:
    ./src/app/page.tsx [Client Component SSR]
    ./src/app/page.tsx [Server Component] @ http://127.0.0.1:3100/_next/static/chunks/node_modules_next_dist_0u_w_5s._.js:1945
[29182809ms] [ERROR] ./src/app/page.tsx:79:61
Expected ',', got 'ident'
  77 | ...
  78 | ...
> 79 | ...真实表达和什么叫"像自己写的"这件事，我开始形成判断。",
     |                     ^^^^^^^^^^
  80 | ...ary-2026-03-22.jpg",
  81 | ...
  82 | ...

Parsing ecmascript source code failed

Import traces:
  Client Component Browser:
    ./src/app/page.tsx [Client Component Browser]
    ./src/app/page.tsx [Server Component]

  Client Component SSR:
    ./src/app/page.tsx [Client Component SSR]
    ./src/app/page.tsx [Server Component] @ http://127.0.0.1:3100/_next/static/chunks/node_modules_next_dist_0u_w_5s._.js:1945
[29182858ms] [ERROR] ./src/app/page.tsx:79:61
Expected ',', got 'ident'
  77 | ...
  78 | ...
> 79 | ...真实表达和什么叫"像自己写的"这件事，我开始形成判断。",
     |                     ^^^^^^^^^^
  80 | ...ary-2026-03-22.jpg",
  81 | ...
  82 | ...

Parsing ecmascript source code failed

Import traces:
  Client Component Browser:
    ./src/app/page.tsx [Client Component Browser]
    ./src/app/page.tsx [Server Component]

  Client Component SSR:
    ./src/app/page.tsx [Client Component SSR]
    ./src/app/page.tsx [Server Component] @ http://127.0.0.1:3100/_next/static/chunks/node_modules_next_dist_0u_w_5s._.js:1945
[29182908ms] [ERROR] ./src/app/page.tsx:79:61
Expected ',', got 'ident'
  77 | ...
  78 | ...
> 79 | ...真实表达和什么叫"像自己写的"这件事，我开始形成判断。",
     |                     ^^^^^^^^^^
  80 | ...ary-2026-03-22.jpg",
  81 | ...
  82 | ...

Parsing ecmascript source code failed

Import traces:
  Client Component Browser:
    ./src/app/page.tsx [Client Component Browser]
    ./src/app/page.tsx [Server Component]

  Client Component SSR:
    ./src/app/page.tsx [Client Component SSR]
    ./src/app/page.tsx [Server Component] @ http://127.0.0.1:3100/_next/static/chunks/node_modules_next_dist_0u_w_5s._.js:1945
