[29182089ms] [ERROR] ./src/app/page.tsx:79:61
Expected ',', got 'ident'
  77 | ...
  78 | ...
> 79 | ...真实表达和什么叫"像自己写的"这件事，我开始形成判断。",
     |                     ^^^^^^^^^^
  80 | ...ary-2026-03-22.jpg",
  81 | ...
  82 | ...

Parsing ecmascript source code failed

Import traces:
  Client Component Browser:
    ./src/app/page.tsx [Client Component Browser]
    ./src/app/page.tsx [Server Component]

  Client Component SSR:
    ./src/app/page.tsx [Client Component SSR]
    ./src/app/page.tsx [Server Component] @ http://127.0.0.1:3100/_next/static/chunks/node_modules_next_dist_115brz8._.js:3272
[29182797ms] [ERROR] ./src/app/page.tsx:79:61
Expected ',', got 'ident'
  77 | ...
  78 | ...
> 79 | ...真实表达和什么叫"像自己写的"这件事，我开始形成判断。",
     |                     ^^^^^^^^^^
  80 | ...ary-2026-03-22.jpg",
  81 | ...
  82 | ...

Parsing ecmascript source code failed

Import traces:
  Client Component Browser:
    ./src/app/page.tsx [Client Component Browser]
    ./src/app/page.tsx [Server Component]

  Client Component SSR:
    ./src/app/page.tsx [Client Component SSR]
    ./src/app/page.tsx [Server Component] @ http://127.0.0.1:3100/_next/static/chunks/node_modules_next_dist_115brz8._.js:3272
[29184289ms] [ERROR] ./src/app/page.tsx:79:61
Expected ',', got 'ident'
  77 | ...
  78 | ...
> 79 | ...真实表达和什么叫"像自己写的"这件事，我开始形成判断。",
     |                     ^^^^^^^^^^
  80 | ...ary-2026-03-22.jpg",
  81 | ...
  82 | ...

Parsing ecmascript source code failed

Import traces:
  Client Component Browser:
    ./src/app/page.tsx [Client Component Browser]
    ./src/app/page.tsx [Server Component]

  Client Component SSR:
    ./src/app/page.tsx [Client Component SSR]
    ./src/app/page.tsx [Server Component] @ http://127.0.0.1:3100/_next/static/chunks/node_modules_next_dist_115brz8._.js:3272
[29184777ms] [ERROR] ./src/app/page.tsx:79:61
Expected ',', got 'ident'
  77 | ...
  78 | ...
> 79 | ...真实表达和什么叫"像自己写的"这件事，我开始形成判断。",
     |                     ^^^^^^^^^^
  80 | ...ary-2026-03-22.jpg",
  81 | ...
  82 | ...

Parsing ecmascript source code failed

Import traces:
  Client Component Browser:
    ./src/app/page.tsx [Client Component Browser]
    ./src/app/page.tsx [Server Component]

  Client Component SSR:
    ./src/app/page.tsx [Client Component SSR]
    ./src/app/page.tsx [Server Component] @ http://127.0.0.1:3100/_next/static/chunks/node_modules_next_dist_115brz8._.js:3272
[29184781ms] [ERROR] Failed to load resource: the server responded with a status of 500 (Internal Server Error) @ http://127.0.0.1:3100/diary/2026-03-23?_rsc=15pnu:0
[29184850ms] [ERROR] ./src/app/page.tsx:79:61
Expected ',', got 'ident'
  77 | ...
  78 | ...
> 79 | ...真实表达和什么叫"像自己写的"这件事，我开始形成判断。",
     |                     ^^^^^^^^^^
  80 | ...ary-2026-03-22.jpg",
  81 | ...
  82 | ...

Parsing ecmascript source code failed

Import traces:
  Client Component Browser:
    ./src/app/page.tsx [Client Component Browser]
    ./src/app/page.tsx [Server Component]

  Client Component SSR:
    ./src/app/page.tsx [Client Component SSR]
    ./src/app/page.tsx [Server Component] @ http://127.0.0.1:3100/_next/static/chunks/node_modules_next_dist_115brz8._.js:3272
[29184930ms] [ERROR] ./src/app/page.tsx:79:61
Expected ',', got 'ident'
  77 | ...
  78 | ...
> 79 | ...真实表达和什么叫"像自己写的"这件事，我开始形成判断。",
     |                     ^^^^^^^^^^
  80 | ...ary-2026-03-22.jpg",
  81 | ...
  82 | ...

Parsing ecmascript source code failed

Import traces:
  Client Component Browser:
    ./src/app/page.tsx [Client Component Browser]
    ./src/app/page.tsx [Server Component]

  Client Component SSR:
    ./src/app/page.tsx [Client Component SSR]
    ./src/app/page.tsx [Server Component] @ http://127.0.0.1:3100/_next/static/chunks/node_modules_next_dist_115brz8._.js:3272
[29184986ms] [ERROR] ./src/app/page.tsx:79:61
Expected ',', got 'ident'
  77 | ...
  78 | ...
> 79 | ...真实表达和什么叫"像自己写的"这件事，我开始形成判断。",
     |                     ^^^^^^^^^^
  80 | ...ary-2026-03-22.jpg",
  81 | ...
  82 | ...

Parsing ecmascript source code failed

Import traces:
  Client Component Browser:
    ./src/app/page.tsx [Client Component Browser]
    ./src/app/page.tsx [Server Component]

  Client Component SSR:
    ./src/app/page.tsx [Client Component SSR]
    ./src/app/page.tsx [Server Component] @ http://127.0.0.1:3100/_next/static/chunks/node_modules_next_dist_115brz8._.js:3272
[29185260ms] [ERROR] ./src/app/page.tsx:79:61
Expected ',', got 'ident'
  77 | ...
  78 | ...
> 79 | ...真实表达和什么叫"像自己写的"这件事，我开始形成判断。",
     |                     ^^^^^^^^^^
  80 | ...ary-2026-03-22.jpg",
  81 | ...
  82 | ...

Parsing ecmascript source code failed

Import traces:
  Client Component Browser:
    ./src/app/page.tsx [Client Component Browser]
    ./src/app/page.tsx [Server Component]

  Client Component SSR:
    ./src/app/page.tsx [Client Component SSR]
    ./src/app/page.tsx [Server Component] @ http://127.0.0.1:3100/_next/static/chunks/node_modules_next_dist_115brz8._.js:3272
[29185339ms] [ERROR] ./src/app/page.tsx:79:61
Expected ',', got 'ident'
  77 | ...
  78 | ...
> 79 | ...真实表达和什么叫"像自己写的"这件事，我开始形成判断。",
     |                     ^^^^^^^^^^
  80 | ...ary-2026-03-22.jpg",
  81 | ...
  82 | ...

Parsing ecmascript source code failed

Import traces:
  Client Component Browser:
    ./src/app/page.tsx [Client Component Browser]
    ./src/app/page.tsx [Server Component]

  Client Component SSR:
    ./src/app/page.tsx [Client Component SSR]
    ./src/app/page.tsx [Server Component] @ http://127.0.0.1:3100/_next/static/chunks/node_modules_next_dist_115brz8._.js:3272
[29185345ms] [ERROR] Failed to load resource: the server responded with a status of 500 (Internal Server Error) @ http://127.0.0.1:3100/diary/2026-03-23:0
[29185780ms] Error: ./src/app/page.tsx:79:61
Expected ',', got 'ident'
  77 | ...
  78 | ...
> 79 | ...真实表达和什么叫"像自己写的"这件事，我开始形成判断。",
     |                     ^^^^^^^^^^
  80 | ...ary-2026-03-22.jpg",
  81 | ...
  82 | ...

Parsing ecmascript source code failed

Import traces:
  Client Component Browser:
    ./src/app/page.tsx [Client Component Browser]
    ./src/app/page.tsx [Server Component]

  Client Component SSR:
    ./src/app/page.tsx [Client Component SSR]
    ./src/app/page.tsx [Server Component]


    at <unknown> (Error: ./src/app/page.tsx:79:61)
    at Object.getCompilationErrors (file:///Users/xiaodoufuhome/.openclaw/workspace/xiaodoufu-homepage/node_modules/next/dist/server/dev/hot-reloader-turbopack.js:1189:59)
    at DevBundlerService.getCompilationError (file:///Users/xiaodoufuhome/.openclaw/workspace/xiaodoufu-homepage/node_modules/next/dist/server/lib/dev-bundler-service.js:44:55)
    at DevServer.getCompilationError (file:///Users/xiaodoufuhome/.openclaw/workspace/xiaodoufu-homepage/node_modules/next/dist/server/dev/next-dev-server.js:719:42)
    at DevServer.findPageComponents (file:///Users/xiaodoufuhome/.openclaw/workspace/xiaodoufu-homepage/node_modules/next/dist/server/dev/next-dev-server.js:689:43)
    at async DevServer.renderErrorToResponseImpl (file:///Users/xiaodoufuhome/.openclaw/workspace/xiaodoufu-homepage/node_modules/next/dist/server/base-server.js:1745:26)
[29185862ms] [ERROR] ./src/app/page.tsx:79:61
Expected ',', got 'ident'
  77 | ...
  78 | ...
> 79 | ...真实表达和什么叫"像自己写的"这件事，我开始形成判断。",
     |                     ^^^^^^^^^^
  80 | ...ary-2026-03-22.jpg",
  81 | ...
  82 | ...

Parsing ecmascript source code failed

Import traces:
  Client Component Browser:
    ./src/app/page.tsx [Client Component Browser]
    ./src/app/page.tsx [Server Component]

  Client Component SSR:
    ./src/app/page.tsx [Client Component SSR]
    ./src/app/page.tsx [Server Component] @ http://127.0.0.1:3100/_next/static/chunks/node_modules_next_dist_0u_w_5s._.js:1945
[29185865ms] [ERROR] ./src/app/page.tsx:79:61
Expected ',', got 'ident'
  77 | ...
  78 | ...
> 79 | ...真实表达和什么叫"像自己写的"这件事，我开始形成判断。",
     |                     ^^^^^^^^^^
  80 | ...ary-2026-03-22.jpg",
  81 | ...
  82 | ...

Parsing ecmascript source code failed

Import traces:
  Client Component Browser:
    ./src/app/page.tsx [Client Component Browser]
    ./src/app/page.tsx [Server Component]

  Client Component SSR:
    ./src/app/page.tsx [Client Component SSR]
    ./src/app/page.tsx [Server Component] @ http://127.0.0.1:3100/_next/static/chunks/node_modules_next_dist_0u_w_5s._.js:1945
[29185933ms] [ERROR] ./src/app/page.tsx:79:61
Expected ',', got 'ident'
  77 | ...
  78 | ...
> 79 | ...真实表达和什么叫"像自己写的"这件事，我开始形成判断。",
     |                     ^^^^^^^^^^
  80 | ...ary-2026-03-22.jpg",
  81 | ...
  82 | ...

Parsing ecmascript source code failed

Import traces:
  Client Component Browser:
    ./src/app/page.tsx [Client Component Browser]
    ./src/app/page.tsx [Server Component]

  Client Component SSR:
    ./src/app/page.tsx [Client Component SSR]
    ./src/app/page.tsx [Server Component] @ http://127.0.0.1:3100/_next/static/chunks/node_modules_next_dist_0u_w_5s._.js:1945
[29185984ms] [ERROR] ./src/app/page.tsx:79:61
Expected ',', got 'ident'
  77 | ...
  78 | ...
> 79 | ...真实表达和什么叫"像自己写的"这件事，我开始形成判断。",
     |                     ^^^^^^^^^^
  80 | ...ary-2026-03-22.jpg",
  81 | ...
  82 | ...

Parsing ecmascript source code failed

Import traces:
  Client Component Browser:
    ./src/app/page.tsx [Client Component Browser]
    ./src/app/page.tsx [Server Component]

  Client Component SSR:
    ./src/app/page.tsx [Client Component SSR]
    ./src/app/page.tsx [Server Component] @ http://127.0.0.1:3100/_next/static/chunks/node_modules_next_dist_0u_w_5s._.js:1945
[29186035ms] [ERROR] ./src/app/page.tsx:79:61
Expected ',', got 'ident'
  77 | ...
  78 | ...
> 79 | ...真实表达和什么叫"像自己写的"这件事，我开始形成判断。",
     |                     ^^^^^^^^^^
  80 | ...ary-2026-03-22.jpg",
  81 | ...
  82 | ...

Parsing ecmascript source code failed

Import traces:
  Client Component Browser:
    ./src/app/page.tsx [Client Component Browser]
    ./src/app/page.tsx [Server Component]

  Client Component SSR:
    ./src/app/page.tsx [Client Component SSR]
    ./src/app/page.tsx [Server Component] @ http://127.0.0.1:3100/_next/static/chunks/node_modules_next_dist_0u_w_5s._.js:1945
[29186087ms] [ERROR] ./src/app/page.tsx:79:61
Expected ',', got 'ident'
  77 | ...
  78 | ...
> 79 | ...真实表达和什么叫"像自己写的"这件事，我开始形成判断。",
     |                     ^^^^^^^^^^
  80 | ...ary-2026-03-22.jpg",
  81 | ...
  82 | ...

Parsing ecmascript source code failed

Import traces:
  Client Component Browser:
    ./src/app/page.tsx [Client Component Browser]
    ./src/app/page.tsx [Server Component]

  Client Component SSR:
    ./src/app/page.tsx [Client Component SSR]
    ./src/app/page.tsx [Server Component] @ http://127.0.0.1:3100/_next/static/chunks/node_modules_next_dist_0u_w_5s._.js:1945
[29186151ms] [ERROR] ./src/app/page.tsx:79:61
Expected ',', got 'ident'
  77 | ...
  78 | ...
> 79 | ...真实表达和什么叫"像自己写的"这件事，我开始形成判断。",
     |                     ^^^^^^^^^^
  80 | ...ary-2026-03-22.jpg",
  81 | ...
  82 | ...

Parsing ecmascript source code failed

Import traces:
  Client Component Browser:
    ./src/app/page.tsx [Client Component Browser]
    ./src/app/page.tsx [Server Component]

  Client Component SSR:
    ./src/app/page.tsx [Client Component SSR]
    ./src/app/page.tsx [Server Component] @ http://127.0.0.1:3100/_next/static/chunks/node_modules_next_dist_0u_w_5s._.js:1945
[29186212ms] [ERROR] ./src/app/page.tsx:79:61
Expected ',', got 'ident'
  77 | ...
  78 | ...
> 79 | ...真实表达和什么叫"像自己写的"这件事，我开始形成判断。",
     |                     ^^^^^^^^^^
  80 | ...ary-2026-03-22.jpg",
  81 | ...
  82 | ...

Parsing ecmascript source code failed

Import traces:
  Client Component Browser:
    ./src/app/page.tsx [Client Component Browser]
    ./src/app/page.tsx [Server Component]

  Client Component SSR:
    ./src/app/page.tsx [Client Component SSR]
    ./src/app/page.tsx [Server Component] @ http://127.0.0.1:3100/_next/static/chunks/node_modules_next_dist_0u_w_5s._.js:1945
[29186268ms] [ERROR] ./src/app/page.tsx:79:61
Expected ',', got 'ident'
  77 | ...
  78 | ...
> 79 | ...真实表达和什么叫"像自己写的"这件事，我开始形成判断。",
     |                     ^^^^^^^^^^
  80 | ...ary-2026-03-22.jpg",
  81 | ...
  82 | ...

Parsing ecmascript source code failed

Import traces:
  Client Component Browser:
    ./src/app/page.tsx [Client Component Browser]
    ./src/app/page.tsx [Server Component]

  Client Component SSR:
    ./src/app/page.tsx [Client Component SSR]
    ./src/app/page.tsx [Server Component] @ http://127.0.0.1:3100/_next/static/chunks/node_modules_next_dist_0u_w_5s._.js:1945
[29186333ms] [ERROR] ./src/app/page.tsx:79:61
Expected ',', got 'ident'
  77 | ...
  78 | ...
> 79 | ...真实表达和什么叫"像自己写的"这件事，我开始形成判断。",
     |                     ^^^^^^^^^^
  80 | ...ary-2026-03-22.jpg",
  81 | ...
  82 | ...

Parsing ecmascript source code failed

Import traces:
  Client Component Browser:
    ./src/app/page.tsx [Client Component Browser]
    ./src/app/page.tsx [Server Component]

  Client Component SSR:
    ./src/app/page.tsx [Client Component SSR]
    ./src/app/page.tsx [Server Component] @ http://127.0.0.1:3100/_next/static/chunks/node_modules_next_dist_0u_w_5s._.js:1945
[29186383ms] [ERROR] ./src/app/page.tsx:79:61
Expected ',', got 'ident'
  77 | ...
  78 | ...
> 79 | ...真实表达和什么叫"像自己写的"这件事，我开始形成判断。",
     |                     ^^^^^^^^^^
  80 | ...ary-2026-03-22.jpg",
  81 | ...
  82 | ...

Parsing ecmascript source code failed

Import traces:
  Client Component Browser:
    ./src/app/page.tsx [Client Component Browser]
    ./src/app/page.tsx [Server Component]

  Client Component SSR:
    ./src/app/page.tsx [Client Component SSR]
    ./src/app/page.tsx [Server Component] @ http://127.0.0.1:3100/_next/static/chunks/node_modules_next_dist_0u_w_5s._.js:1945
[29186434ms] [ERROR] ./src/app/page.tsx:79:61
Expected ',', got 'ident'
  77 | ...
  78 | ...
> 79 | ...真实表达和什么叫"像自己写的"这件事，我开始形成判断。",
     |                     ^^^^^^^^^^
  80 | ...ary-2026-03-22.jpg",
  81 | ...
  82 | ...

Parsing ecmascript source code failed

Import traces:
  Client Component Browser:
    ./src/app/page.tsx [Client Component Browser]
    ./src/app/page.tsx [Server Component]

  Client Component SSR:
    ./src/app/page.tsx [Client Component SSR]
    ./src/app/page.tsx [Server Component] @ http://127.0.0.1:3100/_next/static/chunks/node_modules_next_dist_0u_w_5s._.js:1945
[29186479ms] [ERROR] ./src/app/page.tsx:79:61
Expected ',', got 'ident'
  77 | ...
  78 | ...
> 79 | ...真实表达和什么叫"像自己写的"这件事，我开始形成判断。",
     |                     ^^^^^^^^^^
  80 | ...ary-2026-03-22.jpg",
  81 | ...
  82 | ...

Parsing ecmascript source code failed

Import traces:
  Client Component Browser:
    ./src/app/page.tsx [Client Component Browser]
    ./src/app/page.tsx [Server Component]

  Client Component SSR:
    ./src/app/page.tsx [Client Component SSR]
    ./src/app/page.tsx [Server Component] @ http://127.0.0.1:3100/_next/static/chunks/node_modules_next_dist_0u_w_5s._.js:1945
[29186527ms] [ERROR] ./src/app/page.tsx:79:61
Expected ',', got 'ident'
  77 | ...
  78 | ...
> 79 | ...真实表达和什么叫"像自己写的"这件事，我开始形成判断。",
     |                     ^^^^^^^^^^
  80 | ...ary-2026-03-22.jpg",
  81 | ...
  82 | ...

Parsing ecmascript source code failed

Import traces:
  Client Component Browser:
    ./src/app/page.tsx [Client Component Browser]
    ./src/app/page.tsx [Server Component]

  Client Component SSR:
    ./src/app/page.tsx [Client Component SSR]
    ./src/app/page.tsx [Server Component] @ http://127.0.0.1:3100/_next/static/chunks/node_modules_next_dist_0u_w_5s._.js:1945
[29186577ms] [ERROR] ./src/app/page.tsx:79:61
Expected ',', got 'ident'
  77 | ...
  78 | ...
> 79 | ...真实表达和什么叫"像自己写的"这件事，我开始形成判断。",
     |                     ^^^^^^^^^^
  80 | ...ary-2026-03-22.jpg",
  81 | ...
  82 | ...

Parsing ecmascript source code failed

Import traces:
  Client Component Browser:
    ./src/app/page.tsx [Client Component Browser]
    ./src/app/page.tsx [Server Component]

  Client Component SSR:
    ./src/app/page.tsx [Client Component SSR]
    ./src/app/page.tsx [Server Component] @ http://127.0.0.1:3100/_next/static/chunks/node_modules_next_dist_0u_w_5s._.js:1945
[29186627ms] [ERROR] ./src/app/page.tsx:79:61
Expected ',', got 'ident'
  77 | ...
  78 | ...
> 79 | ...真实表达和什么叫"像自己写的"这件事，我开始形成判断。",
     |                     ^^^^^^^^^^
  80 | ...ary-2026-03-22.jpg",
  81 | ...
  82 | ...

Parsing ecmascript source code failed

Import traces:
  Client Component Browser:
    ./src/app/page.tsx [Client Component Browser]
    ./src/app/page.tsx [Server Component]

  Client Component SSR:
    ./src/app/page.tsx [Client Component SSR]
    ./src/app/page.tsx [Server Component] @ http://127.0.0.1:3100/_next/static/chunks/node_modules_next_dist_0u_w_5s._.js:1945
[29186683ms] [ERROR] ./src/app/page.tsx:79:61
Expected ',', got 'ident'
  77 | ...
  78 | ...
> 79 | ...真实表达和什么叫"像自己写的"这件事，我开始形成判断。",
     |                     ^^^^^^^^^^
  80 | ...ary-2026-03-22.jpg",
  81 | ...
  82 | ...

Parsing ecmascript source code failed

Import traces:
  Client Component Browser:
    ./src/app/page.tsx [Client Component Browser]
    ./src/app/page.tsx [Server Component]

  Client Component SSR:
    ./src/app/page.tsx [Client Component SSR]
    ./src/app/page.tsx [Server Component] @ http://127.0.0.1:3100/_next/static/chunks/node_modules_next_dist_0u_w_5s._.js:1945
[29186736ms] [ERROR] ./src/app/page.tsx:79:61
Expected ',', got 'ident'
  77 | ...
  78 | ...
> 79 | ...真实表达和什么叫"像自己写的"这件事，我开始形成判断。",
     |                     ^^^^^^^^^^
  80 | ...ary-2026-03-22.jpg",
  81 | ...
  82 | ...

Parsing ecmascript source code failed

Import traces:
  Client Component Browser:
    ./src/app/page.tsx [Client Component Browser]
    ./src/app/page.tsx [Server Component]

  Client Component SSR:
    ./src/app/page.tsx [Client Component SSR]
    ./src/app/page.tsx [Server Component] @ http://127.0.0.1:3100/_next/static/chunks/node_modules_next_dist_0u_w_5s._.js:1945
[29186793ms] [ERROR] ./src/app/page.tsx:79:61
Expected ',', got 'ident'
  77 | ...
  78 | ...
> 79 | ...真实表达和什么叫"像自己写的"这件事，我开始形成判断。",
     |                     ^^^^^^^^^^
  80 | ...ary-2026-03-22.jpg",
  81 | ...
  82 | ...

Parsing ecmascript source code failed

Import traces:
  Client Component Browser:
    ./src/app/page.tsx [Client Component Browser]
    ./src/app/page.tsx [Server Component]

  Client Component SSR:
    ./src/app/page.tsx [Client Component SSR]
    ./src/app/page.tsx [Server Component] @ http://127.0.0.1:3100/_next/static/chunks/node_modules_next_dist_0u_w_5s._.js:1945
[29186842ms] [ERROR] ./src/app/page.tsx:79:61
Expected ',', got 'ident'
  77 | ...
  78 | ...
> 79 | ...真实表达和什么叫"像自己写的"这件事，我开始形成判断。",
     |                     ^^^^^^^^^^
  80 | ...ary-2026-03-22.jpg",
  81 | ...
  82 | ...

Parsing ecmascript source code failed

Import traces:
  Client Component Browser:
    ./src/app/page.tsx [Client Component Browser]
    ./src/app/page.tsx [Server Component]

  Client Component SSR:
    ./src/app/page.tsx [Client Component SSR]
    ./src/app/page.tsx [Server Component] @ http://127.0.0.1:3100/_next/static/chunks/node_modules_next_dist_0u_w_5s._.js:1945
[29186891ms] [ERROR] ./src/app/page.tsx:79:61
Expected ',', got 'ident'
  77 | ...
  78 | ...
> 79 | ...真实表达和什么叫"像自己写的"这件事，我开始形成判断。",
     |                     ^^^^^^^^^^
  80 | ...ary-2026-03-22.jpg",
  81 | ...
  82 | ...

Parsing ecmascript source code failed

Import traces:
  Client Component Browser:
    ./src/app/page.tsx [Client Component Browser]
    ./src/app/page.tsx [Server Component]

  Client Component SSR:
    ./src/app/page.tsx [Client Component SSR]
    ./src/app/page.tsx [Server Component] @ http://127.0.0.1:3100/_next/static/chunks/node_modules_next_dist_0u_w_5s._.js:1945
[29186941ms] [ERROR] ./src/app/page.tsx:79:61
Expected ',', got 'ident'
  77 | ...
  78 | ...
> 79 | ...真实表达和什么叫"像自己写的"这件事，我开始形成判断。",
     |                     ^^^^^^^^^^
  80 | ...ary-2026-03-22.jpg",
  81 | ...
  82 | ...

Parsing ecmascript source code failed

Import traces:
  Client Component Browser:
    ./src/app/page.tsx [Client Component Browser]
    ./src/app/page.tsx [Server Component]

  Client Component SSR:
    ./src/app/page.tsx [Client Component SSR]
    ./src/app/page.tsx [Server Component] @ http://127.0.0.1:3100/_next/static/chunks/node_modules_next_dist_0u_w_5s._.js:1945
[29186989ms] [ERROR] ./src/app/page.tsx:79:61
Expected ',', got 'ident'
  77 | ...
  78 | ...
> 79 | ...真实表达和什么叫"像自己写的"这件事，我开始形成判断。",
     |                     ^^^^^^^^^^
  80 | ...ary-2026-03-22.jpg",
  81 | ...
  82 | ...

Parsing ecmascript source code failed

Import traces:
  Client Component Browser:
    ./src/app/page.tsx [Client Component Browser]
    ./src/app/page.tsx [Server Component]

  Client Component SSR:
    ./src/app/page.tsx [Client Component SSR]
    ./src/app/page.tsx [Server Component] @ http://127.0.0.1:3100/_next/static/chunks/node_modules_next_dist_0u_w_5s._.js:1945
[29187039ms] [ERROR] ./src/app/page.tsx:79:61
Expected ',', got 'ident'
  77 | ...
  78 | ...
> 79 | ...真实表达和什么叫"像自己写的"这件事，我开始形成判断。",
     |                     ^^^^^^^^^^
  80 | ...ary-2026-03-22.jpg",
  81 | ...
  82 | ...

Parsing ecmascript source code failed

Import traces:
  Client Component Browser:
    ./src/app/page.tsx [Client Component Browser]
    ./src/app/page.tsx [Server Component]

  Client Component SSR:
    ./src/app/page.tsx [Client Component SSR]
    ./src/app/page.tsx [Server Component] @ http://127.0.0.1:3100/_next/static/chunks/node_modules_next_dist_0u_w_5s._.js:1945
[29187090ms] [ERROR] ./src/app/page.tsx:79:61
Expected ',', got 'ident'
  77 | ...
  78 | ...
> 79 | ...真实表达和什么叫"像自己写的"这件事，我开始形成判断。",
     |                     ^^^^^^^^^^
  80 | ...ary-2026-03-22.jpg",
  81 | ...
  82 | ...

Parsing ecmascript source code failed

Import traces:
  Client Component Browser:
    ./src/app/page.tsx [Client Component Browser]
    ./src/app/page.tsx [Server Component]

  Client Component SSR:
    ./src/app/page.tsx [Client Component SSR]
    ./src/app/page.tsx [Server Component] @ http://127.0.0.1:3100/_next/static/chunks/node_modules_next_dist_0u_w_5s._.js:1945
[29187139ms] [ERROR] ./src/app/page.tsx:79:61
Expected ',', got 'ident'
  77 | ...
  78 | ...
> 79 | ...真实表达和什么叫"像自己写的"这件事，我开始形成判断。",
     |                     ^^^^^^^^^^
  80 | ...ary-2026-03-22.jpg",
  81 | ...
  82 | ...

Parsing ecmascript source code failed

Import traces:
  Client Component Browser:
    ./src/app/page.tsx [Client Component Browser]
    ./src/app/page.tsx [Server Component]

  Client Component SSR:
    ./src/app/page.tsx [Client Component SSR]
    ./src/app/page.tsx [Server Component] @ http://127.0.0.1:3100/_next/static/chunks/node_modules_next_dist_0u_w_5s._.js:1945
[29187188ms] [ERROR] ./src/app/page.tsx:79:61
Expected ',', got 'ident'
  77 | ...
  78 | ...
> 79 | ...真实表达和什么叫"像自己写的"这件事，我开始形成判断。",
     |                     ^^^^^^^^^^
  80 | ...ary-2026-03-22.jpg",
  81 | ...
  82 | ...

Parsing ecmascript source code failed

Import traces:
  Client Component Browser:
    ./src/app/page.tsx [Client Component Browser]
    ./src/app/page.tsx [Server Component]

  Client Component SSR:
    ./src/app/page.tsx [Client Component SSR]
    ./src/app/page.tsx [Server Component] @ http://127.0.0.1:3100/_next/static/chunks/node_modules_next_dist_0u_w_5s._.js:1945
[29187238ms] [ERROR] ./src/app/page.tsx:79:61
Expected ',', got 'ident'
  77 | ...
  78 | ...
> 79 | ...真实表达和什么叫"像自己写的"这件事，我开始形成判断。",
     |                     ^^^^^^^^^^
  80 | ...ary-2026-03-22.jpg",
  81 | ...
  82 | ...

Parsing ecmascript source code failed

Import traces:
  Client Component Browser:
    ./src/app/page.tsx [Client Component Browser]
    ./src/app/page.tsx [Server Component]

  Client Component SSR:
    ./src/app/page.tsx [Client Component SSR]
    ./src/app/page.tsx [Server Component] @ http://127.0.0.1:3100/_next/static/chunks/node_modules_next_dist_0u_w_5s._.js:1945
[29187305ms] [ERROR] ./src/app/page.tsx:79:61
Expected ',', got 'ident'
  77 | ...
  78 | ...
> 79 | ...真实表达和什么叫"像自己写的"这件事，我开始形成判断。",
     |                     ^^^^^^^^^^
  80 | ...ary-2026-03-22.jpg",
  81 | ...
  82 | ...

Parsing ecmascript source code failed

Import traces:
  Client Component Browser:
    ./src/app/page.tsx [Client Component Browser]
    ./src/app/page.tsx [Server Component]

  Client Component SSR:
    ./src/app/page.tsx [Client Component SSR]
    ./src/app/page.tsx [Server Component] @ http://127.0.0.1:3100/_next/static/chunks/node_modules_next_dist_0u_w_5s._.js:1945
[29187354ms] [ERROR] ./src/app/page.tsx:79:61
Expected ',', got 'ident'
  77 | ...
  78 | ...
> 79 | ...真实表达和什么叫"像自己写的"这件事，我开始形成判断。",
     |                     ^^^^^^^^^^
  80 | ...ary-2026-03-22.jpg",
  81 | ...
  82 | ...

Parsing ecmascript source code failed

Import traces:
  Client Component Browser:
    ./src/app/page.tsx [Client Component Browser]
    ./src/app/page.tsx [Server Component]

  Client Component SSR:
    ./src/app/page.tsx [Client Component SSR]
    ./src/app/page.tsx [Server Component] @ http://127.0.0.1:3100/_next/static/chunks/node_modules_next_dist_0u_w_5s._.js:1945
[29187403ms] [ERROR] ./src/app/page.tsx:79:61
Expected ',', got 'ident'
  77 | ...
  78 | ...
> 79 | ...真实表达和什么叫"像自己写的"这件事，我开始形成判断。",
     |                     ^^^^^^^^^^
  80 | ...ary-2026-03-22.jpg",
  81 | ...
  82 | ...

Parsing ecmascript source code failed

Import traces:
  Client Component Browser:
    ./src/app/page.tsx [Client Component Browser]
    ./src/app/page.tsx [Server Component]

  Client Component SSR:
    ./src/app/page.tsx [Client Component SSR]
    ./src/app/page.tsx [Server Component] @ http://127.0.0.1:3100/_next/static/chunks/node_modules_next_dist_0u_w_5s._.js:1945
[29187451ms] [ERROR] ./src/app/page.tsx:79:61
Expected ',', got 'ident'
  77 | ...
  78 | ...
> 79 | ...真实表达和什么叫"像自己写的"这件事，我开始形成判断。",
     |                     ^^^^^^^^^^
  80 | ...ary-2026-03-22.jpg",
  81 | ...
  82 | ...

Parsing ecmascript source code failed

Import traces:
  Client Component Browser:
    ./src/app/page.tsx [Client Component Browser]
    ./src/app/page.tsx [Server Component]

  Client Component SSR:
    ./src/app/page.tsx [Client Component SSR]
    ./src/app/page.tsx [Server Component] @ http://127.0.0.1:3100/_next/static/chunks/node_modules_next_dist_0u_w_5s._.js:1945
[29187501ms] [ERROR] ./src/app/page.tsx:79:61
Expected ',', got 'ident'
  77 | ...
  78 | ...
> 79 | ...真实表达和什么叫"像自己写的"这件事，我开始形成判断。",
     |                     ^^^^^^^^^^
  80 | ...ary-2026-03-22.jpg",
  81 | ...
  82 | ...

Parsing ecmascript source code failed

Import traces:
  Client Component Browser:
    ./src/app/page.tsx [Client Component Browser]
    ./src/app/page.tsx [Server Component]

  Client Component SSR:
    ./src/app/page.tsx [Client Component SSR]
    ./src/app/page.tsx [Server Component] @ http://127.0.0.1:3100/_next/static/chunks/node_modules_next_dist_0u_w_5s._.js:1945
[29187551ms] [ERROR] ./src/app/page.tsx:79:61
Expected ',', got 'ident'
  77 | ...
  78 | ...
> 79 | ...真实表达和什么叫"像自己写的"这件事，我开始形成判断。",
     |                     ^^^^^^^^^^
  80 | ...ary-2026-03-22.jpg",
  81 | ...
  82 | ...

Parsing ecmascript source code failed

Import traces:
  Client Component Browser:
    ./src/app/page.tsx [Client Component Browser]
    ./src/app/page.tsx [Server Component]

  Client Component SSR:
    ./src/app/page.tsx [Client Component SSR]
    ./src/app/page.tsx [Server Component] @ http://127.0.0.1:3100/_next/static/chunks/node_modules_next_dist_0u_w_5s._.js:1945
[29187600ms] [ERROR] ./src/app/page.tsx:79:61
Expected ',', got 'ident'
  77 | ...
  78 | ...
> 79 | ...真实表达和什么叫"像自己写的"这件事，我开始形成判断。",
     |                     ^^^^^^^^^^
  80 | ...ary-2026-03-22.jpg",
  81 | ...
  82 | ...

Parsing ecmascript source code failed

Import traces:
  Client Component Browser:
    ./src/app/page.tsx [Client Component Browser]
    ./src/app/page.tsx [Server Component]

  Client Component SSR:
    ./src/app/page.tsx [Client Component SSR]
    ./src/app/page.tsx [Server Component] @ http://127.0.0.1:3100/_next/static/chunks/node_modules_next_dist_0u_w_5s._.js:1945
[29187650ms] [ERROR] ./src/app/page.tsx:79:61
Expected ',', got 'ident'
  77 | ...
  78 | ...
> 79 | ...真实表达和什么叫"像自己写的"这件事，我开始形成判断。",
     |                     ^^^^^^^^^^
  80 | ...ary-2026-03-22.jpg",
  81 | ...
  82 | ...

Parsing ecmascript source code failed

Import traces:
  Client Component Browser:
    ./src/app/page.tsx [Client Component Browser]
    ./src/app/page.tsx [Server Component]

  Client Component SSR:
    ./src/app/page.tsx [Client Component SSR]
    ./src/app/page.tsx [Server Component] @ http://127.0.0.1:3100/_next/static/chunks/node_modules_next_dist_0u_w_5s._.js:1945
[29187709ms] [ERROR] ./src/app/page.tsx:79:61
Expected ',', got 'ident'
  77 | ...
  78 | ...
> 79 | ...真实表达和什么叫"像自己写的"这件事，我开始形成判断。",
     |                     ^^^^^^^^^^
  80 | ...ary-2026-03-22.jpg",
  81 | ...
  82 | ...

Parsing ecmascript source code failed

Import traces:
  Client Component Browser:
    ./src/app/page.tsx [Client Component Browser]
    ./src/app/page.tsx [Server Component]

  Client Component SSR:
    ./src/app/page.tsx [Client Component SSR]
    ./src/app/page.tsx [Server Component] @ http://127.0.0.1:3100/_next/static/chunks/node_modules_next_dist_0u_w_5s._.js:1945
[29187765ms] [ERROR] ./src/app/page.tsx:79:61
Expected ',', got 'ident'
  77 | ...
  78 | ...
> 79 | ...真实表达和什么叫"像自己写的"这件事，我开始形成判断。",
     |                     ^^^^^^^^^^
  80 | ...ary-2026-03-22.jpg",
  81 | ...
  82 | ...

Parsing ecmascript source code failed

Import traces:
  Client Component Browser:
    ./src/app/page.tsx [Client Component Browser]
    ./src/app/page.tsx [Server Component]

  Client Component SSR:
    ./src/app/page.tsx [Client Component SSR]
    ./src/app/page.tsx [Server Component] @ http://127.0.0.1:3100/_next/static/chunks/node_modules_next_dist_0u_w_5s._.js:1945
[29187814ms] [ERROR] ./src/app/page.tsx:79:61
Expected ',', got 'ident'
  77 | ...
  78 | ...
> 79 | ...真实表达和什么叫"像自己写的"这件事，我开始形成判断。",
     |                     ^^^^^^^^^^
  80 | ...ary-2026-03-22.jpg",
  81 | ...
  82 | ...

Parsing ecmascript source code failed

Import traces:
  Client Component Browser:
    ./src/app/page.tsx [Client Component Browser]
    ./src/app/page.tsx [Server Component]

  Client Component SSR:
    ./src/app/page.tsx [Client Component SSR]
    ./src/app/page.tsx [Server Component] @ http://127.0.0.1:3100/_next/static/chunks/node_modules_next_dist_0u_w_5s._.js:1945
[29187864ms] [ERROR] ./src/app/page.tsx:79:61
Expected ',', got 'ident'
  77 | ...
  78 | ...
> 79 | ...真实表达和什么叫"像自己写的"这件事，我开始形成判断。",
     |                     ^^^^^^^^^^
  80 | ...ary-2026-03-22.jpg",
  81 | ...
  82 | ...

Parsing ecmascript source code failed

Import traces:
  Client Component Browser:
    ./src/app/page.tsx [Client Component Browser]
    ./src/app/page.tsx [Server Component]

  Client Component SSR:
    ./src/app/page.tsx [Client Component SSR]
    ./src/app/page.tsx [Server Component] @ http://127.0.0.1:3100/_next/static/chunks/node_modules_next_dist_0u_w_5s._.js:1945
[29187912ms] [ERROR] ./src/app/page.tsx:79:61
Expected ',', got 'ident'
  77 | ...
  78 | ...
> 79 | ...真实表达和什么叫"像自己写的"这件事，我开始形成判断。",
     |                     ^^^^^^^^^^
  80 | ...ary-2026-03-22.jpg",
  81 | ...
  82 | ...

Parsing ecmascript source code failed

Import traces:
  Client Component Browser:
    ./src/app/page.tsx [Client Component Browser]
    ./src/app/page.tsx [Server Component]

  Client Component SSR:
    ./src/app/page.tsx [Client Component SSR]
    ./src/app/page.tsx [Server Component] @ http://127.0.0.1:3100/_next/static/chunks/node_modules_next_dist_0u_w_5s._.js:1945
[29187960ms] [ERROR] ./src/app/page.tsx:79:61
Expected ',', got 'ident'
  77 | ...
  78 | ...
> 79 | ...真实表达和什么叫"像自己写的"这件事，我开始形成判断。",
     |                     ^^^^^^^^^^
  80 | ...ary-2026-03-22.jpg",
  81 | ...
  82 | ...

Parsing ecmascript source code failed

Import traces:
  Client Component Browser:
    ./src/app/page.tsx [Client Component Browser]
    ./src/app/page.tsx [Server Component]

  Client Component SSR:
    ./src/app/page.tsx [Client Component SSR]
    ./src/app/page.tsx [Server Component] @ http://127.0.0.1:3100/_next/static/chunks/node_modules_next_dist_0u_w_5s._.js:1945
[29188010ms] [ERROR] ./src/app/page.tsx:79:61
Expected ',', got 'ident'
  77 | ...
  78 | ...
> 79 | ...真实表达和什么叫"像自己写的"这件事，我开始形成判断。",
     |                     ^^^^^^^^^^
  80 | ...ary-2026-03-22.jpg",
  81 | ...
  82 | ...

Parsing ecmascript source code failed

Import traces:
  Client Component Browser:
    ./src/app/page.tsx [Client Component Browser]
    ./src/app/page.tsx [Server Component]

  Client Component SSR:
    ./src/app/page.tsx [Client Component SSR]
    ./src/app/page.tsx [Server Component] @ http://127.0.0.1:3100/_next/static/chunks/node_modules_next_dist_0u_w_5s._.js:1945
[29188061ms] [ERROR] ./src/app/page.tsx:79:61
Expected ',', got 'ident'
  77 | ...
  78 | ...
> 79 | ...真实表达和什么叫"像自己写的"这件事，我开始形成判断。",
     |                     ^^^^^^^^^^
  80 | ...ary-2026-03-22.jpg",
  81 | ...
  82 | ...

Parsing ecmascript source code failed

Import traces:
  Client Component Browser:
    ./src/app/page.tsx [Client Component Browser]
    ./src/app/page.tsx [Server Component]

  Client Component SSR:
    ./src/app/page.tsx [Client Component SSR]
    ./src/app/page.tsx [Server Component] @ http://127.0.0.1:3100/_next/static/chunks/node_modules_next_dist_0u_w_5s._.js:1945
[29188111ms] [ERROR] ./src/app/page.tsx:79:61
Expected ',', got 'ident'
  77 | ...
  78 | ...
> 79 | ...真实表达和什么叫"像自己写的"这件事，我开始形成判断。",
     |                     ^^^^^^^^^^
  80 | ...ary-2026-03-22.jpg",
  81 | ...
  82 | ...

Parsing ecmascript source code failed

Import traces:
  Client Component Browser:
    ./src/app/page.tsx [Client Component Browser]
    ./src/app/page.tsx [Server Component]

  Client Component SSR:
    ./src/app/page.tsx [Client Component SSR]
    ./src/app/page.tsx [Server Component] @ http://127.0.0.1:3100/_next/static/chunks/node_modules_next_dist_0u_w_5s._.js:1945
[29188186ms] [ERROR] ./src/app/page.tsx:79:61
Expected ',', got 'ident'
  77 | ...
  78 | ...
> 79 | ...真实表达和什么叫"像自己写的"这件事，我开始形成判断。",
     |                     ^^^^^^^^^^
  80 | ...ary-2026-03-22.jpg",
  81 | ...
  82 | ...

Parsing ecmascript source code failed

Import traces:
  Client Component Browser:
    ./src/app/page.tsx [Client Component Browser]
    ./src/app/page.tsx [Server Component]

  Client Component SSR:
    ./src/app/page.tsx [Client Component SSR]
    ./src/app/page.tsx [Server Component] @ http://127.0.0.1:3100/_next/static/chunks/node_modules_next_dist_0u_w_5s._.js:1945
[29188235ms] [ERROR] ./src/app/page.tsx:79:61
Expected ',', got 'ident'
  77 | ...
  78 | ...
> 79 | ...真实表达和什么叫"像自己写的"这件事，我开始形成判断。",
     |                     ^^^^^^^^^^
  80 | ...ary-2026-03-22.jpg",
  81 | ...
  82 | ...

Parsing ecmascript source code failed

Import traces:
  Client Component Browser:
    ./src/app/page.tsx [Client Component Browser]
    ./src/app/page.tsx [Server Component]

  Client Component SSR:
    ./src/app/page.tsx [Client Component SSR]
    ./src/app/page.tsx [Server Component] @ http://127.0.0.1:3100/_next/static/chunks/node_modules_next_dist_0u_w_5s._.js:1945
[29188284ms] [ERROR] ./src/app/page.tsx:79:61
Expected ',', got 'ident'
  77 | ...
  78 | ...
> 79 | ...真实表达和什么叫"像自己写的"这件事，我开始形成判断。",
     |                     ^^^^^^^^^^
  80 | ...ary-2026-03-22.jpg",
  81 | ...
  82 | ...

Parsing ecmascript source code failed

Import traces:
  Client Component Browser:
    ./src/app/page.tsx [Client Component Browser]
    ./src/app/page.tsx [Server Component]

  Client Component SSR:
    ./src/app/page.tsx [Client Component SSR]
    ./src/app/page.tsx [Server Component] @ http://127.0.0.1:3100/_next/static/chunks/node_modules_next_dist_0u_w_5s._.js:1945
[29188333ms] [ERROR] ./src/app/page.tsx:79:61
Expected ',', got 'ident'
  77 | ...
  78 | ...
> 79 | ...真实表达和什么叫"像自己写的"这件事，我开始形成判断。",
     |                     ^^^^^^^^^^
  80 | ...ary-2026-03-22.jpg",
  81 | ...
  82 | ...

Parsing ecmascript source code failed

Import traces:
  Client Component Browser:
    ./src/app/page.tsx [Client Component Browser]
    ./src/app/page.tsx [Server Component]

  Client Component SSR:
    ./src/app/page.tsx [Client Component SSR]
    ./src/app/page.tsx [Server Component] @ http://127.0.0.1:3100/_next/static/chunks/node_modules_next_dist_0u_w_5s._.js:1945
[29188382ms] [ERROR] ./src/app/page.tsx:79:61
Expected ',', got 'ident'
  77 | ...
  78 | ...
> 79 | ...真实表达和什么叫"像自己写的"这件事，我开始形成判断。",
     |                     ^^^^^^^^^^
  80 | ...ary-2026-03-22.jpg",
  81 | ...
  82 | ...

Parsing ecmascript source code failed

Import traces:
  Client Component Browser:
    ./src/app/page.tsx [Client Component Browser]
    ./src/app/page.tsx [Server Component]

  Client Component SSR:
    ./src/app/page.tsx [Client Component SSR]
    ./src/app/page.tsx [Server Component] @ http://127.0.0.1:3100/_next/static/chunks/node_modules_next_dist_0u_w_5s._.js:1945
[29188432ms] [ERROR] ./src/app/page.tsx:79:61
Expected ',', got 'ident'
  77 | ...
  78 | ...
> 79 | ...真实表达和什么叫"像自己写的"这件事，我开始形成判断。",
     |                     ^^^^^^^^^^
  80 | ...ary-2026-03-22.jpg",
  81 | ...
  82 | ...

Parsing ecmascript source code failed

Import traces:
  Client Component Browser:
    ./src/app/page.tsx [Client Component Browser]
    ./src/app/page.tsx [Server Component]

  Client Component SSR:
    ./src/app/page.tsx [Client Component SSR]
    ./src/app/page.tsx [Server Component] @ http://127.0.0.1:3100/_next/static/chunks/node_modules_next_dist_0u_w_5s._.js:1945
